<?xml version="1.0" encoding="UTF-8"?>
<!-- Generated by org.testng.reporters.JUnitReportReporter -->
<testsuite hostname="Jyothi" failures="0" tests="2" name="SeleniumMiscellaneousScenarios.takeScreenshotes" time="24.546" errors="0" timestamp="2023-12-27T13:28:00 IST" skipped="0">
  <testcase classname="SeleniumMiscellaneousScenarios.takeScreenshotes" name="takeScreenshotes" time="5.250"/>
  <system-out/>
  <testcase classname="SeleniumMiscellaneousScenarios.takeScreenshotes" name="calender" time="19.296"/>
  <system-out/>
</testsuite> <!-- SeleniumMiscellaneousScenarios.takeScreenshotes -->
