<?xml version="1.0" encoding="UTF-8"?>
<!-- Generated by org.testng.reporters.JUnitReportReporter -->
<testsuite hostname="Jyothi" failures="0" tests="1" name="Arrays.ArrayContainsSpecificValue" time="0.001" errors="0" timestamp="2023-12-26T17:58:39 IST" skipped="0">
  <testcase classname="Arrays.ArrayContainsSpecificValue" name="arrayContainsValue" time="0.001"/>
  <system-out/>
</testsuite> <!-- Arrays.ArrayContainsSpecificValue -->
