<?xml version="1.0" encoding="UTF-8"?>
<!-- Generated by org.testng.reporters.JUnitReportReporter -->
<testsuite hostname="Jyothi" failures="0" tests="1" name="Testcases.Login" time="10.424" errors="0" timestamp="2023-12-29T11:39:39 IST" skipped="0">
  <testcase classname="Testcases.Login" name="doLogin" time="10.424"/>
  <system-out/>
</testsuite> <!-- Testcases.Login -->
