<?xml version="1.0" encoding="UTF-8"?>
<!-- Generated by org.testng.reporters.JUnitReportReporter -->
<testsuite hostname="Jyothi" failures="0" tests="1" name="Testcases.L" time="3.985" errors="0" timestamp="2023-12-28T21:06:29 IST" skipped="0">
  <testcase classname="Testcases.L" name="lo" time="3.985"/>
  <system-out/>
</testsuite> <!-- Testcases.L -->
