<?xml version="1.0" encoding="UTF-8"?>
<!-- Generated by org.testng.reporters.JUnitReportReporter -->
<testsuite hostname="Jyothi" failures="0" tests="2" name="SeleniumMiscellaneousScenarios.RegistrationPage" time="26.177" errors="0" timestamp="2023-12-28T08:50:54 IST" skipped="0">
  <testcase classname="SeleniumMiscellaneousScenarios.RegistrationPage" name="registrationWithAllFields" time="10.657"/>
  <system-out/>
  <testcase classname="SeleniumMiscellaneousScenarios.RegistrationPage" name="registrationWithRequiredFields" time="15.520"/>
  <system-out/>
</testsuite> <!-- SeleniumMiscellaneousScenarios.RegistrationPage -->
